{
  "uid" : "bc6906584fed2ffb",
  "name" : "test_3",
  "fullName" : "script.test01.Test#test_3",
  "historyId" : "1e82aad3aa600717dfda98e01841b586",
  "time" : {
    "start" : 1609758687567,
    "stop" : 1609758687567,
    "duration" : 0
  },
  "status" : "failed",
  "statusMessage" : "AssertionError: assert 0",
  "statusTrace" : "self = <script.test01.Test object at 0x000002F0771FF358>\n\n    def test_3(self):\n>       assert 0\nE       assert 0\n\nscript\\test01.py:11: AssertionError",
  "flaky" : false,
  "beforeStages" : [ ],
  "afterStages" : [ ],
  "labels" : [ {
    "name" : "parentSuite",
    "value" : "script"
  }, {
    "name" : "suite",
    "value" : "test01"
  }, {
    "name" : "subSuite",
    "value" : "Test"
  }, {
    "name" : "host",
    "value" : "PC-20191214RDZJ"
  }, {
    "name" : "thread",
    "value" : "12032-MainThread"
  }, {
    "name" : "framework",
    "value" : "pytest"
  }, {
    "name" : "language",
    "value" : "cpython3"
  }, {
    "name" : "package",
    "value" : "script.test01"
  }, {
    "name" : "resultFormat",
    "value" : "allure2"
  } ],
  "parameters" : [ ],
  "links" : [ ],
  "hidden" : false,
  "retry" : false,
  "extra" : {
    "severity" : "normal",
    "retries" : [ ],
    "categories" : [ {
      "name" : "Product defects",
      "matchedStatuses" : [ ],
      "flaky" : false
    } ],
    "tags" : [ ]
  },
  "source" : "bc6906584fed2ffb.json",
  "parameterValues" : [ ]
}